This is pdfTeX, Version 3.1415926-2.4-1.40.13 (TeX Live 2012) (format=pdflatex 2012.6.30)  10 MAY 2013 08:01
entering extended mode
 \write18 enabled.
 file:line:error style messages enabled.
 %&-line parsing enabled.
**wmhealth_final_20130508-1.tex
(./wmhealth_final_20130508-1.tex
LaTeX2e <2011/06/27>
Babel <v3.8m> and hyphenation patterns for english, dumylang, nohyphenation, ge
rman-x-2012-05-30, ngerman-x-2012-05-30, afrikaans, ancientgreek, ibycus, arabi
c, armenian, basque, bulgarian, catalan, pinyin, coptic, croatian, czech, danis
h, dutch, ukenglish, usenglishmax, esperanto, estonian, ethiopic, farsi, finnis
h, french, friulan, galician, german, ngerman, swissgerman, monogreek, greek, h
ungarian, icelandic, assamese, bengali, gujarati, hindi, kannada, malayalam, ma
rathi, oriya, panjabi, tamil, telugu, indonesian, interlingua, irish, italian, 
kurmanji, latin, latvian, lithuanian, mongolian, mongolianlmc, bokmal, nynorsk,
 polish, portuguese, romanian, romansh, russian, sanskrit, serbian, serbianc, s
lovak, slovenian, spanish, swedish, turkish, turkmen, ukrainian, uppersorbian, 
welsh, loaded.
(/usr/local/texlive/2012/texmf-dist/tex/latex/base/article.cls
Document Class: article 2007/10/19 v1.4h Standard LaTeX document class
(/usr/local/texlive/2012/texmf-dist/tex/latex/base/size10.clo
File: size10.clo 2007/10/19 v1.4h Standard LaTeX file (size option)
)
\c@part=\count79
\c@section=\count80
\c@subsection=\count81
\c@subsubsection=\count82
\c@paragraph=\count83
\c@subparagraph=\count84
\c@figure=\count85
\c@table=\count86
\abovecaptionskip=\skip41
\belowcaptionskip=\skip42
\bibindent=\dimen102
)
(/usr/local/texlive/2012/texmf-dist/tex/latex/mh/mathtools.sty
Package: mathtools 2012/04/24 v1.12 mathematical typesetting tools

(/usr/local/texlive/2012/texmf-dist/tex/latex/graphics/keyval.sty
Package: keyval 1999/03/16 v1.13 key=value parser (DPC)
\KV@toks@=\toks14
)
(/usr/local/texlive/2012/texmf-dist/tex/latex/tools/calc.sty
Package: calc 2007/08/22 v4.3 Infix arithmetic (KKT,FJ)
\calc@Acount=\count87
\calc@Bcount=\count88
\calc@Adimen=\dimen103
\calc@Bdimen=\dimen104
\calc@Askip=\skip43
\calc@Bskip=\skip44
LaTeX Info: Redefining \setlength on input line 76.
LaTeX Info: Redefining \addtolength on input line 77.
\calc@Ccount=\count89
\calc@Cskip=\skip45
)
(/usr/local/texlive/2012/texmf-dist/tex/latex/mh/mhsetup.sty
Package: mhsetup 2010/01/21 v1.2a programming setup (MH)
)
(/usr/local/texlive/2012/texmf-dist/tex/latex/amsmath/amsmath.sty
Package: amsmath 2000/07/18 v2.13 AMS math features
\@mathmargin=\skip46

For additional information on amsmath, use the `?' option.
(/usr/local/texlive/2012/texmf-dist/tex/latex/amsmath/amstext.sty
Package: amstext 2000/06/29 v2.01

(/usr/local/texlive/2012/texmf-dist/tex/latex/amsmath/amsgen.sty
File: amsgen.sty 1999/11/30 v2.0
\@emptytoks=\toks15
\ex@=\dimen105
))
(/usr/local/texlive/2012/texmf-dist/tex/latex/amsmath/amsbsy.sty
Package: amsbsy 1999/11/29 v1.2d
\pmbraise@=\dimen106
)
(/usr/local/texlive/2012/texmf-dist/tex/latex/amsmath/amsopn.sty
Package: amsopn 1999/12/14 v2.01 operator names
)
\inf@bad=\count90
LaTeX Info: Redefining \frac on input line 211.
\uproot@=\count91
\leftroot@=\count92
LaTeX Info: Redefining \overline on input line 307.
\classnum@=\count93
\DOTSCASE@=\count94
LaTeX Info: Redefining \ldots on input line 379.
LaTeX Info: Redefining \dots on input line 382.
LaTeX Info: Redefining \cdots on input line 467.
\Mathstrutbox@=\box26
\strutbox@=\box27
\big@size=\dimen107
LaTeX Font Info:    Redeclaring font encoding OML on input line 567.
LaTeX Font Info:    Redeclaring font encoding OMS on input line 568.
\macc@depth=\count95
\c@MaxMatrixCols=\count96
\dotsspace@=\muskip10
\c@parentequation=\count97
\dspbrk@lvl=\count98
\tag@help=\toks16
\row@=\count99
\column@=\count100
\maxfields@=\count101
\andhelp@=\toks17
\eqnshift@=\dimen108
\alignsep@=\dimen109
\tagshift@=\dimen110
\tagwidth@=\dimen111
\totwidth@=\dimen112
\lineht@=\dimen113
\@envbody=\toks18
\multlinegap=\skip47
\multlinetaggap=\skip48
\mathdisplay@stack=\toks19
LaTeX Info: Redefining \[ on input line 2666.
LaTeX Info: Redefining \] on input line 2667.
)
\g_MT_multlinerow_int=\count102
\l_MT_multwidth_dim=\dimen114
\origjot=\skip49
\l_MT_shortvdotswithinadjustabove_dim=\dimen115
\l_MT_shortvdotswithinadjustbelow_dim=\dimen116
\l_MT_above_intertext_dim=\dimen117
\l_MT_below_intertext_dim=\dimen118
\l_MT_above_shortintertext_dim=\dimen119
\l_MT_below_shortintertext_dim=\dimen120
)
(/usr/local/texlive/2012/texmf-dist/tex/latex/geometry/geometry.sty
Package: geometry 2010/09/12 v5.6 Page Geometry

(/usr/local/texlive/2012/texmf-dist/tex/generic/oberdiek/ifpdf.sty
Package: ifpdf 2011/01/30 v2.3 Provides the ifpdf switch (HO)
Package ifpdf Info: pdfTeX in PDF mode is detected.
)
(/usr/local/texlive/2012/texmf-dist/tex/generic/oberdiek/ifvtex.sty
Package: ifvtex 2010/03/01 v1.5 Detect VTeX and its facilities (HO)
Package ifvtex Info: VTeX not detected.
)
(/usr/local/texlive/2012/texmf-dist/tex/generic/ifxetex/ifxetex.sty
Package: ifxetex 2010/09/12 v0.6 Provides ifxetex conditional
)
\Gm@cnth=\count103
\Gm@cntv=\count104
\c@Gm@tempcnt=\count105
\Gm@bindingoffset=\dimen121
\Gm@wd@mp=\dimen122
\Gm@odd@mp=\dimen123
\Gm@even@mp=\dimen124
\Gm@layoutwidth=\dimen125
\Gm@layoutheight=\dimen126
\Gm@layouthoffset=\dimen127
\Gm@layoutvoffset=\dimen128
\Gm@dimlist=\toks20
)
(/usr/local/texlive/2012/texmf-dist/tex/latex/graphics/graphicx.sty
Package: graphicx 1999/02/16 v1.0f Enhanced LaTeX Graphics (DPC,SPQR)

(/usr/local/texlive/2012/texmf-dist/tex/latex/graphics/graphics.sty
Package: graphics 2009/02/05 v1.0o Standard LaTeX Graphics (DPC,SPQR)

(/usr/local/texlive/2012/texmf-dist/tex/latex/graphics/trig.sty
Package: trig 1999/03/16 v1.09 sin cos tan (DPC)
)
(/usr/local/texlive/2012/texmf-dist/tex/latex/latexconfig/graphics.cfg
File: graphics.cfg 2010/04/23 v1.9 graphics configuration of TeX Live
)
Package graphics Info: Driver file: pdftex.def on input line 91.

(/usr/local/texlive/2012/texmf-dist/tex/latex/pdftex-def/pdftex.def
File: pdftex.def 2011/05/27 v0.06d Graphics/color for pdfTeX

(/usr/local/texlive/2012/texmf-dist/tex/generic/oberdiek/infwarerr.sty
Package: infwarerr 2010/04/08 v1.3 Providing info/warning/error messages (HO)
)
(/usr/local/texlive/2012/texmf-dist/tex/generic/oberdiek/ltxcmds.sty
Package: ltxcmds 2011/11/09 v1.22 LaTeX kernel commands for general use (HO)
)
\Gread@gobject=\count106
))
\Gin@req@height=\dimen129
\Gin@req@width=\dimen130
)
(/usr/local/texlive/2012/texmf-dist/tex/generic/ulem/ulem.sty
\UL@box=\box28
\UL@hyphenbox=\box29
\UL@skip=\skip50
\UL@hook=\toks21
\UL@height=\dimen131
\UL@pe=\count107
\UL@pixel=\dimen132
\ULC@box=\box30
Package: ulem 2012/05/18
\ULdepth=\dimen133
)
(/usr/local/texlive/2012/texmf-dist/tex/latex/fancyhdr/fancyhdr.sty
\fancy@headwidth=\skip51
\f@ncyO@elh=\skip52
\f@ncyO@erh=\skip53
\f@ncyO@olh=\skip54
\f@ncyO@orh=\skip55
\f@ncyO@elf=\skip56
\f@ncyO@erf=\skip57
\f@ncyO@olf=\skip58
\f@ncyO@orf=\skip59
)
(/usr/local/texlive/2012/texmf-dist/tex/latex/tools/enumerate.sty
Package: enumerate 1999/03/05 v3.00 enumerate extensions (DPC)
\@enLab=\toks22
)
(/usr/local/texlive/2012/texmf-dist/tex/latex/setspace/setspace.sty
Package: setspace 2011/12/19 v6.7a set line spacing
)
(/usr/local/texlive/2012/texmf-dist/tex/latex/base/fontenc.sty
Package: fontenc 2005/09/27 v1.99g Standard LaTeX package

(/usr/local/texlive/2012/texmf-dist/tex/latex/base/t1enc.def
File: t1enc.def 2005/09/27 v1.99g Standard LaTeX file
LaTeX Font Info:    Redeclaring font encoding T1 on input line 43.
))
(/usr/local/texlive/2012/texmf-dist/tex/latex/lm/lmodern.sty
Package: lmodern 2009/10/30 v1.6 Latin Modern Fonts
LaTeX Font Info:    Overwriting symbol font `operators' in version `normal'
(Font)                  OT1/cmr/m/n --> OT1/lmr/m/n on input line 22.
LaTeX Font Info:    Overwriting symbol font `letters' in version `normal'
(Font)                  OML/cmm/m/it --> OML/lmm/m/it on input line 23.
LaTeX Font Info:    Overwriting symbol font `symbols' in version `normal'
(Font)                  OMS/cmsy/m/n --> OMS/lmsy/m/n on input line 24.
LaTeX Font Info:    Overwriting symbol font `largesymbols' in version `normal'
(Font)                  OMX/cmex/m/n --> OMX/lmex/m/n on input line 25.
LaTeX Font Info:    Overwriting symbol font `operators' in version `bold'
(Font)                  OT1/cmr/bx/n --> OT1/lmr/bx/n on input line 26.
LaTeX Font Info:    Overwriting symbol font `letters' in version `bold'
(Font)                  OML/cmm/b/it --> OML/lmm/b/it on input line 27.
LaTeX Font Info:    Overwriting symbol font `symbols' in version `bold'
(Font)                  OMS/cmsy/b/n --> OMS/lmsy/b/n on input line 28.
LaTeX Font Info:    Overwriting symbol font `largesymbols' in version `bold'
(Font)                  OMX/cmex/m/n --> OMX/lmex/m/n on input line 29.
LaTeX Font Info:    Overwriting math alphabet `\mathbf' in version `normal'
(Font)                  OT1/cmr/bx/n --> OT1/lmr/bx/n on input line 31.
LaTeX Font Info:    Overwriting math alphabet `\mathsf' in version `normal'
(Font)                  OT1/cmss/m/n --> OT1/lmss/m/n on input line 32.
LaTeX Font Info:    Overwriting math alphabet `\mathit' in version `normal'
(Font)                  OT1/cmr/m/it --> OT1/lmr/m/it on input line 33.
LaTeX Font Info:    Overwriting math alphabet `\mathtt' in version `normal'
(Font)                  OT1/cmtt/m/n --> OT1/lmtt/m/n on input line 34.
LaTeX Font Info:    Overwriting math alphabet `\mathbf' in version `bold'
(Font)                  OT1/cmr/bx/n --> OT1/lmr/bx/n on input line 35.
LaTeX Font Info:    Overwriting math alphabet `\mathsf' in version `bold'
(Font)                  OT1/cmss/bx/n --> OT1/lmss/bx/n on input line 36.
LaTeX Font Info:    Overwriting math alphabet `\mathit' in version `bold'
(Font)                  OT1/cmr/bx/it --> OT1/lmr/bx/it on input line 37.
LaTeX Font Info:    Overwriting math alphabet `\mathtt' in version `bold'
(Font)                  OT1/cmtt/m/n --> OT1/lmtt/m/n on input line 38.
)
(/usr/local/texlive/2012/texmf-dist/tex/latex/mh/breqn.sty
(/usr/local/texlive/2012/texmf-dist/tex/latex/l3kernel/expl3.sty
(/usr/local/texlive/2012/texmf-dist/tex/latex/l3kernel/l3names.sty
(/usr/local/texlive/2012/texmf-dist/tex/latex/l3kernel/l3bootstrap.sty
Package: l3bootstrap 2011/12/29 v3110 L3 Experimental bootstrap code
)
Package: l3names 2012/03/04 v3494 L3 Experimental namespace for primitives
)
(/usr/local/texlive/2012/texmf-dist/tex/latex/etex-pkg/etex.sty
Package: etex 1998/03/26 v2.0 eTeX basic definition package (PEB)
\et@xins=\count108
)
Package: expl3 2012/04/23 v3570 L3 Experimental code bundle wrapper

(/usr/local/texlive/2012/texmf-dist/tex/latex/graphics/color.sty
Package: color 2005/11/14 v1.0j Standard LaTeX Color (DPC)

(/usr/local/texlive/2012/texmf-dist/tex/latex/latexconfig/color.cfg
File: color.cfg 2007/01/18 v1.5 color configuration of teTeX/TeXLive
)
Package color Info: Driver file: pdftex.def on input line 130.
)
(/usr/local/texlive/2012/texmf-dist/tex/latex/l3kernel/l3basics.sty
Package: l3basics 2012/03/04 v3491 L3 Experimental basic definitions
)
(/usr/local/texlive/2012/texmf-dist/tex/latex/l3kernel/l3expan.sty
Package: l3expan 2012/02/26 v3460 L3 Experimental argument expansion
)
(/usr/local/texlive/2012/texmf-dist/tex/latex/l3kernel/l3tl.sty
Package: l3tl 2012/03/04 v3490 L3 Experimental token lists
)
(/usr/local/texlive/2012/texmf-dist/tex/latex/l3kernel/l3seq.sty
Package: l3seq 2012/03/04 v3490 L3 Experimental sequences and stacks
)
(/usr/local/texlive/2012/texmf-dist/tex/latex/l3kernel/l3int.sty
Package: l3int 2012/03/04 v3490 L3 Experimental integers
\c_max_int=\count109
\l_tmpa_int=\count110
\l_tmpb_int=\count111
\l_tmpc_int=\count112
\g_tmpa_int=\count113
\g_tmpb_int=\count114
)
(/usr/local/texlive/2012/texmf-dist/tex/latex/l3kernel/l3quark.sty
Package: l3quark 2012/02/12 v3384 L3 Experimental quarks
)
(/usr/local/texlive/2012/texmf-dist/tex/latex/l3kernel/l3prg.sty
Package: l3prg 2012/03/04 v3490 L3 Experimental control structures
\g_prg_map_int=\count115
)
(/usr/local/texlive/2012/texmf-dist/tex/latex/l3kernel/l3clist.sty
Package: l3clist 2012/03/04 v3490 L3 Experimental comma separated lists
)
(/usr/local/texlive/2012/texmf-dist/tex/latex/l3kernel/l3token.sty
Package: l3token 2012/03/04 v3491 L3 Experimental token manipulation
)
(/usr/local/texlive/2012/texmf-dist/tex/latex/l3kernel/l3prop.sty
Package: l3prop 2012/03/04 v3490 L3 Experimental property lists
)
(/usr/local/texlive/2012/texmf-dist/tex/latex/l3kernel/l3msg.sty
Package: l3msg 2012/04/23 v3568 L3 Experimental messages
)
(/usr/local/texlive/2012/texmf-dist/tex/latex/l3kernel/l3file.sty
Package: l3file 2012/03/09 v3520 L3 Experimental file and I/O operations
\l_iow_stream_int=\count116
\l_iow_line_length_int=\count117
\l_iow_target_length_int=\count118
\l_iow_current_line_int=\count119
\l_iow_current_word_int=\count120
\l_iow_current_indentation_int=\count121
)
(/usr/local/texlive/2012/texmf-dist/tex/latex/l3kernel/l3skip.sty
Package: l3skip 2012/03/05 v3499 L3 Experimental dimensions and skips
\l_tmpa_dim=\dimen134
\l_tmpb_dim=\dimen135
\l_tmpc_dim=\dimen136
\g_tmpa_dim=\dimen137
\g_tmpb_dim=\dimen138
\l_tmpa_skip=\skip60
\l_tmpb_skip=\skip61
\l_tmpc_skip=\skip62
\g_tmpa_skip=\skip63
\g_tmpb_skip=\skip64
)
(/usr/local/texlive/2012/texmf-dist/tex/latex/l3kernel/l3keys.sty
Package: l3keys 2012/03/03 v3487 L3 Experimental key-value interfaces
\g_keyval_level_int=\count122
\l_keys_choice_int=\count123
)
(/usr/local/texlive/2012/texmf-dist/tex/latex/l3kernel/l3fp.sty
Package: l3fp 2012/03/04 v3490 L3 Experimental floating-point operations
\c_one_million=\count124
\c_one_hundred_million=\count125
\c_five_hundred_million=\count126
\c_one_thousand_million=\count127
\c_fp_pi_by_four_decimal_int=\count128
\c_fp_pi_by_four_extended_int=\count129
\c_fp_pi_decimal_int=\count130
\c_fp_pi_extended_int=\count131
\c_fp_two_pi_decimal_int=\count132
\c_fp_two_pi_extended_int=\count133
\l_fp_count_int=\count134
\l_fp_div_offset_int=\count135
\l_fp_exp_integer_int=\count136
\l_fp_exp_decimal_int=\count137
\l_fp_exp_extended_int=\count138
\l_fp_exp_exponent_int=\count139
\l_fp_input_a_sign_int=\count140
\l_fp_input_a_integer_int=\count141
\l_fp_input_a_decimal_int=\count142
\l_fp_input_a_exponent_int=\count143
\l_fp_input_b_sign_int=\count144
\l_fp_input_b_integer_int=\count145
\l_fp_input_b_decimal_int=\count146
\l_fp_input_b_exponent_int=\count147
\l_fp_input_a_extended_int=\count148
\l_fp_input_b_extended_int=\count149
\l_fp_mul_a_i_int=\count150
\l_fp_mul_a_ii_int=\count151
\l_fp_mul_a_iii_int=\count152
\l_fp_mul_a_iv_int=\count153
\l_fp_mul_a_v_int=\count154
\l_fp_mul_a_vi_int=\count155
\l_fp_mul_b_i_int=\count156
\l_fp_mul_b_ii_int=\count157
\l_fp_mul_b_iii_int=\count158
\l_fp_mul_b_iv_int=\count159
\l_fp_mul_b_v_int=\count160
\l_fp_mul_b_vi_int=\count161
\l_fp_mul_output_int=\count162
\l_fp_output_sign_int=\count163
\l_fp_output_integer_int=\count164
\l_fp_output_decimal_int=\count165
\l_fp_output_exponent_int=\count166
\l_fp_output_extended_int=\count167
\l_fp_round_position_int=\count168
\l_fp_round_target_int=\count169
\l_fp_split_sign_int=\count170
\l_fp_internal_int=\count171
\l_fp_trig_octant_int=\count172
\l_fp_trig_sign_int=\count173
\l_fp_trig_decimal_int=\count174
\l_fp_trig_extended_int=\count175
\l_fp_internal_dim=\dimen139
\l_fp_internal_skip=\skip65
)
(/usr/local/texlive/2012/texmf-dist/tex/latex/l3kernel/l3box.sty
Package: l3box 2012/03/04 v3490 L3 Experimental boxes
\l_tmpb_box=\box31
\l_box_top_dim=\dimen140
\l_box_bottom_dim=\dimen141
\l_box_left_dim=\dimen142
\l_box_right_dim=\dimen143
\l_box_top_new_dim=\dimen144
\l_box_bottom_new_dim=\dimen145
\l_box_left_new_dim=\dimen146
\l_box_right_new_dim=\dimen147
\l_box_internal_box=\box32
)
(/usr/local/texlive/2012/texmf-dist/tex/latex/l3kernel/l3coffins.sty
Package: l3coffins 2012/03/03 v3482 L3 Experimental coffin code layer
\l_coffin_internal_box=\box33
\l_coffin_internal_dim=\dimen148
\l_coffin_offset_x_dim=\dimen149
\l_coffin_offset_y_dim=\dimen150
\l_coffin_x_dim=\dimen151
\l_coffin_y_dim=\dimen152
\l_coffin_x_prime_dim=\dimen153
\l_coffin_y_prime_dim=\dimen154
\l_coffin_Depth_dim=\dimen155
\l_coffin_Height_dim=\dimen156
\l_coffin_TotalHeight_dim=\dimen157
\l_coffin_Width_dim=\dimen158
\c_empty_coffin=\box34
\l_coffin_aligned_coffin=\box35
\l_coffin_aligned_internal_coffin=\box36
\l_coffin_bounding_shift_dim=\dimen159
\l_coffin_left_corner_dim=\dimen160
\l_coffin_right_corner_dim=\dimen161
\l_coffin_bottom_corner_dim=\dimen162
\l_coffin_top_corner_dim=\dimen163
\l_coffin_scaled_total_height_dim=\dimen164
\l_coffin_scaled_width_dim=\dimen165
\l_coffin_display_coffin=\box37
\l_coffin_display_coord_coffin=\box38
\l_coffin_display_pole_coffin=\box39
\l_coffin_display_offset_dim=\dimen166
\l_coffin_display_x_dim=\dimen167
\l_coffin_display_y_dim=\dimen168
)
(/usr/local/texlive/2012/texmf-dist/tex/latex/l3kernel/l3color.sty
Package: l3color 2011/09/07 v2776 L3 Experimental colour support
)
(/usr/local/texlive/2012/texmf-dist/tex/latex/l3kernel/l3luatex.sty
Package: l3luatex 2012/02/09 v3355 L3 Experimental LuaTeX-specific functions
\g_cctab_allocate_int=\count176
\g_cctab_stack_int=\count177
))
Package: breqn 2012/05/10 v0.98b Breaking equations

(/usr/local/texlive/2012/texmf-dist/tex/latex/mh/flexisym.sty
Package: flexisym 2010/09/17 v0.97b Make math characters macros
LaTeX Info: Redefining \textprime on input line 296.
LaTeX Info: Redefining \not on input line 354.

(/usr/local/texlive/2012/texmf-dist/tex/latex/mh/cmbase.sym
File: cmbase.sym 2007/12/19 v0.92
LaTeX Info: Redefining \hbar on input line 323.
LaTeX Info: Redefining \surd on input line 325.
LaTeX Info: Redefining \angle on input line 333.
LaTeX Info: Redefining \neq on input line 334.
LaTeX Info: Redefining \mapsto on input line 335.
LaTeX Info: Redefining \cong on input line 336.
LaTeX Info: Redefining \notin on input line 339.
LaTeX Info: Redefining \rightleftharpoons on input line 340.
LaTeX Info: Redefining \doteq on input line 341.
LaTeX Info: Redefining \hookrightarrow on input line 342.
LaTeX Info: Redefining \hookleftarrow on input line 343.
LaTeX Info: Redefining \bowtie on input line 344.
LaTeX Info: Redefining \models on input line 345.
LaTeX Info: Redefining \Longrightarrow on input line 346.
LaTeX Info: Redefining \longrightarrow on input line 347.
LaTeX Info: Redefining \Longleftarrow on input line 348.
LaTeX Info: Redefining \longleftarrow on input line 349.
LaTeX Info: Redefining \longmapsto on input line 350.
LaTeX Info: Redefining \longleftrightarrow on input line 351.
LaTeX Info: Redefining \Longleftrightarrow on input line 352.
LaTeX Info: Redefining \cdots on input line 356.
LaTeX Info: Redefining \vdots on input line 359.
LaTeX Info: Redefining \ddots on input line 364.
)
(/usr/local/texlive/2012/texmf-dist/tex/latex/mh/mathstyle.sty
Package: mathstyle 2011/08/03 v0.90 Tracking mathstyle implicitly
LaTeX Info: Redefining \displaystyle on input line 81.
LaTeX Info: Redefining \textstyle on input line 83.
LaTeX Info: Redefining \scriptstyle on input line 85.
LaTeX Info: Redefining \scriptscriptstyle on input line 87.
LaTeX Info: Redefining \genfrac on input line 121.
))
\inf@bad=\count178
\maxint=\count179
\listwidth=\dimen169
\eqnumsep=\dimen170
\eqmargin=\dimen171
\eqlinespacing=\skip66
\eqlineskip=\skip67
\eqlineskiplimit=\dimen172
\eqbinoffset=\muskip11
\eqdelimoffset=\muskip12
\eqindentstep=\dimen173
\eqstyle=\toks23
\eqbreakdepth=\count180
\eqinterlinepenalty=\count181
\intereqpenalty=\count182
\intereqskip=\skip68
\prerelpenalty=\count183
\prebinoppenalty=\count184
\Dmedmuskip=\muskip13
\Dthickmuskip=\muskip14
\eqleftskip=\skip69
\eqrightskip=\skip70
\eq@vspan=\skip71
\eq@binoffset=\muskip15
\EQ@box=\box40
\EQ@copy=\box41
\EQ@numbox=\box42
\eq@wdNum=\dimen174
\GRP@numbox=\box43
\grp@wdNum=\dimen175
\eq@lines=\count185
\eq@curline=\count186
\eq@badness=\count187
\EQ@vims=\count188
\eq@dp=\dimen176
\eq@wdL=\dimen177
\eq@wdT=\dimen178
\eq@wdMin=\dimen179
\grp@wdL=\dimen180
\grp@wdR=\dimen181
\grp@wdT=\dimen182
\eq@wdRmax=\dimen183
\eq@firstht=\dimen184
\eq@wdCond=\dimen185
\eq@indentstep=\dimen186
\eq@linewidth=\dimen187
\grp@linewidth=\dimen188
\eq@hshift=\dimen189
\eq@given@sidespace=\dimen190
\mathindent=\dimen191
\eq@final@linecount=\count189
\eq@wdR=\dimen192
\EQ@continue=\toks24
\lr@level=\count190
\GRP@queue=\toks25
\GRP@box=\box44
\GRP@wholebox=\box45
\darraycolsep=\skip72
\cur@row=\count191
\cur@col=\count192
\conditionsep=\skip73
)
(/usr/local/texlive/2012/texmf-dist/tex/latex/titlesec/titlesec.sty
Package: titlesec 2011/12/15 v2.10.0 Sectioning titles
\ttl@box=\box46
\beforetitleunit=\skip74
\aftertitleunit=\skip75
\ttl@plus=\dimen193
\ttl@minus=\dimen194
\ttl@toksa=\toks26
\titlewidth=\dimen195
\titlewidthlast=\dimen196
\titlewidthfirst=\dimen197
)

LaTeX Warning: Unused global option(s):
    [**24pt**].

(./wmhealth_final_20130508-1.aux (./introduction.aux) (./litreview.aux)
(./dataoverview.aux) (./model.aux) (./results.aux) (./conclusion.aux)
(./varlist.aux) (./sumstat.aux) (./regresults.aux))
\openout1 = `wmhealth_final_20130508-1.aux'.

LaTeX Font Info:    Checking defaults for OML/cmm/m/it on input line 22.
LaTeX Font Info:    ... okay on input line 22.
LaTeX Font Info:    Checking defaults for T1/cmr/m/n on input line 22.
LaTeX Font Info:    ... okay on input line 22.
LaTeX Font Info:    Checking defaults for OT1/cmr/m/n on input line 22.
LaTeX Font Info:    ... okay on input line 22.
LaTeX Font Info:    Checking defaults for OMS/cmsy/m/n on input line 22.
LaTeX Font Info:    ... okay on input line 22.
LaTeX Font Info:    Checking defaults for OMX/cmex/m/n on input line 22.
LaTeX Font Info:    ... okay on input line 22.
LaTeX Font Info:    Checking defaults for U/cmr/m/n on input line 22.
LaTeX Font Info:    ... okay on input line 22.
LaTeX Font Info:    Try loading font information for T1+lmr on input line 22.

(/usr/local/texlive/2012/texmf-dist/tex/latex/lm/t1lmr.fd
File: t1lmr.fd 2009/10/30 v1.6 Font defs for Latin Modern
)
*geometry* driver: auto-detecting
*geometry* detected driver: pdftex
*geometry* verbose mode - [ preamble ] result:
* driver: pdftex
* paper: letterpaper
* layout: <same size as paper>
* layoutoffset:(h,v)=(0.0pt,0.0pt)
* modes: 
* h-part:(L,W,R)=(72.26999pt, 469.75502pt, 72.26999pt)
* v-part:(T,H,B)=(144.54pt, 542.025pt, 108.405pt)
* \paperwidth=614.295pt
* \paperheight=794.96999pt
* \textwidth=469.75502pt
* \textheight=542.025pt
* \oddsidemargin=0.0pt
* \evensidemargin=0.0pt
* \topmargin=35.27pt
* \headheight=12.0pt
* \headsep=25.0pt
* \topskip=10.0pt
* \footskip=30.0pt
* \marginparwidth=65.0pt
* \marginparsep=11.0pt
* \columnsep=10.0pt
* \skip\footins=9.0pt plus 4.0pt minus 2.0pt
* \hoffset=0.0pt
* \voffset=0.0pt
* \mag=1000
* \@twocolumnfalse
* \@twosidefalse
* \@mparswitchfalse
* \@reversemarginfalse
* (1in=72.27pt=25.4mm, 1cm=28.453pt)

(/usr/local/texlive/2012/texmf-dist/tex/context/base/supp-pdf.mkii
[Loading MPS to PDF converter (version 2006.09.02).]
\scratchcounter=\count193
\scratchdimen=\dimen198
\scratchbox=\box47
\nofMPsegments=\count194
\nofMParguments=\count195
\everyMPshowfont=\toks27
\MPscratchCnt=\count196
\MPscratchDim=\dimen199
\MPnumerator=\count197
\makeMPintoPDFobject=\count198
\everyMPtoPDFconversion=\toks28
) (/usr/local/texlive/2012/texmf-dist/tex/generic/oberdiek/pdftexcmds.sty
Package: pdftexcmds 2011/11/29 v0.20 Utility functions of pdfTeX for LuaTeX (HO
)

(/usr/local/texlive/2012/texmf-dist/tex/generic/oberdiek/ifluatex.sty
Package: ifluatex 2010/03/01 v1.3 Provides the ifluatex switch (HO)
Package ifluatex Info: LuaTeX not detected.
)
Package pdftexcmds Info: LuaTeX not detected.
Package pdftexcmds Info: \pdf@primitive is available.
Package pdftexcmds Info: \pdf@ifprimitive is available.
Package pdftexcmds Info: \pdfdraftmode found.
)
(/usr/local/texlive/2012/texmf-dist/tex/latex/oberdiek/epstopdf-base.sty
Package: epstopdf-base 2010/02/09 v2.5 Base part for package epstopdf

(/usr/local/texlive/2012/texmf-dist/tex/latex/oberdiek/grfext.sty
Package: grfext 2010/08/19 v1.1 Manage graphics extensions (HO)

(/usr/local/texlive/2012/texmf-dist/tex/generic/oberdiek/kvdefinekeys.sty
Package: kvdefinekeys 2011/04/07 v1.3 Define keys (HO)
))
(/usr/local/texlive/2012/texmf-dist/tex/latex/oberdiek/kvoptions.sty
Package: kvoptions 2011/06/30 v3.11 Key value format for package options (HO)

(/usr/local/texlive/2012/texmf-dist/tex/generic/oberdiek/kvsetkeys.sty
Package: kvsetkeys 2012/04/25 v1.16 Key value parser (HO)

(/usr/local/texlive/2012/texmf-dist/tex/generic/oberdiek/etexcmds.sty
Package: etexcmds 2011/02/16 v1.5 Avoid name clashes with e-TeX commands (HO)
Package etexcmds Info: Could not find \expanded.
(etexcmds)             That can mean that you are not using pdfTeX 1.50 or
(etexcmds)             that some package has redefined \expanded.
(etexcmds)             In the latter case, load this package earlier.
)))
Package grfext Info: Graphics extension search list:
(grfext)             [.png,.pdf,.jpg,.mps,.jpeg,.jbig2,.jb2,.PNG,.PDF,.JPG,.JPE
G,.JBIG2,.JB2,.eps]
(grfext)             \AppendGraphicsExtensions on input line 452.

(/usr/local/texlive/2012/texmf-dist/tex/latex/latexconfig/epstopdf-sys.cfg
File: epstopdf-sys.cfg 2010/07/13 v1.3 Configuration of (r)epstopdf for TeX Liv
e
))
LaTeX Font Info:    Try loading font information for OT1+lmr on input line 27.

(/usr/local/texlive/2012/texmf-dist/tex/latex/lm/ot1lmr.fd
File: ot1lmr.fd 2009/10/30 v1.6 Font defs for Latin Modern
)
LaTeX Font Info:    Try loading font information for OML+lmm on input line 27.

(/usr/local/texlive/2012/texmf-dist/tex/latex/lm/omllmm.fd
File: omllmm.fd 2009/10/30 v1.6 Font defs for Latin Modern
)
LaTeX Font Info:    Try loading font information for OMS+lmsy on input line 27.


(/usr/local/texlive/2012/texmf-dist/tex/latex/lm/omslmsy.fd
File: omslmsy.fd 2009/10/30 v1.6 Font defs for Latin Modern
)
LaTeX Font Info:    Try loading font information for OMX+lmex on input line 27.


(/usr/local/texlive/2012/texmf-dist/tex/latex/lm/omxlmex.fd
File: omxlmex.fd 2009/10/30 v1.6 Font defs for Latin Modern
)
LaTeX Font Info:    External font `lmex10' loaded for size
(Font)              <12> on input line 27.
LaTeX Font Info:    External font `lmex10' loaded for size
(Font)              <8> on input line 27.
LaTeX Font Info:    External font `lmex10' loaded for size
(Font)              <6> on input line 27.
LaTeX Font Info:    External font `lmex10' loaded for size
(Font)              <9> on input line 31.
LaTeX Font Info:    External font `lmex10' loaded for size
(Font)              <5> on input line 31.

Underfull \hbox (badness 1087) in paragraph at lines 31--31
[][]\T1/lmr/m/n/8 Jens Lud-wig, et al. Neigh-bor-hoods, Obe-sity, and Di-a-bete
s. New Eng-land Jour-nal of Medicine 365 No 16.
 []


Underfull \hbox (badness 10000) in paragraph at lines 31--31
[][]\T1/lmr/m/n/8 Wal-Mart Stores Inc., 2012 An-nual Re-port, http://az204679.v
o.msecnd.net/media/documents/2013-annual-
 []

[1{/usr/local/texlive/2012/texmf-var/fonts/map/pdftex/updmap/pdftex.map}

]
\openout2 = `introduction.aux'.


(./introduction.tex
Underfull \hbox (badness 10000) in paragraph at lines 38--2

 []

LaTeX Font Info:    Calculating math sizes for size <12.045> on input line 3.
LaTeX Font Info:    External font `lmex10' loaded for size
(Font)              <12.045> on input line 3.
LaTeX Font Info:    External font `lmex10' loaded for size
(Font)              <8.43146> on input line 3.
LaTeX Font Info:    External font `lmex10' loaded for size
(Font)              <6.02249> on input line 3.
<obesity_by_county_large.png, id=13, 556.7199pt x 352.9185pt>
File: obesity_by_county_large.png Graphic file (type png)

<use obesity_by_county_large.png>
Package pdftex.def Info: obesity_by_county_large.png used on input line 5.
(pdftex.def)             Requested size: 200.75073pt x 127.26057pt.

<walmartdistribution.jpg, id=14, 794.97pt x 614.295pt>
File: walmartdistribution.jpg Graphic file (type jpg)

<use walmartdistribution.jpg>
Package pdftex.def Info: walmartdistribution.jpg used on input line 6.
(pdftex.def)             Requested size: 200.75073pt x 155.11996pt.
 [2 <./obesity_by_county_large.png (PNG copy)> <./walmartdistribution.jpg>] [3]
)
\openout2 = `litreview.aux'.

 (./litreview.tex)
\openout2 = `dataoverview.aux'.

 (./dataoverview.tex
Underfull \hbox (badness 10000) in paragraph at lines 49--2

 []

)
\openout2 = `model.aux'.

 (./model.tex
Underfull \hbox (badness 10000) in paragraph at lines 3--5

 []

LaTeX Font Info:    Calculating math sizes for size <8.03> on input line 5.
LaTeX Font Info:    External font `lmex10' loaded for size
(Font)              <8.03> on input line 5.
LaTeX Font Info:    External font `lmex10' loaded for size
(Font)              <5.62097> on input line 5.
LaTeX Font Info:    External font `lmex10' loaded for size
(Font)              <4.015> on input line 5.
) [4]
\openout2 = `results.aux'.

 (./results.tex [5])
\openout2 = `conclusion.aux'.

 (./conclusion.tex [6])
\openout2 = `varlist.aux'.

 (./varlist.tex
<Variables.pdf, id=35, 614.295pt x 794.97pt>
File: Variables.pdf Graphic file (type pdf)
 <use Variables.pdf>
Package pdftex.def Info: Variables.pdf used on input line 2.
(pdftex.def)             Requested size: 422.77664pt x 547.12279pt.
)
\openout2 = `sumstat.aux'.


(./sumstat.tex [7]
Overfull \vbox (69.05101pt too high) has occurred while \output is active []


[8 <./Variables.pdf>] <sumstat.png, id=65, 595.22375pt x 458.71375pt>
File: sumstat.png Graphic file (type png)

<use sumstat.png>
Package pdftex.def Info: sumstat.png used on input line 2.
(pdftex.def)             Requested size: 422.77664pt x 325.81503pt.
)
\openout2 = `regresults.aux'.

 (./regresults.tex
LaTeX Font Info:    Calculating math sizes for size <5.01874> on input line 3.
LaTeX Font Info:    External font `lmex10' loaded for size
(Font)              <5.01874> on input line 3.
LaTeX Font Info:    External font `lmex10' loaded for size
(Font)              <3.51309> on input line 3.
LaTeX Font Info:    External font `lmex10' loaded for size
(Font)              <2.50937> on input line 3.
) [9
\@writefile{toc}{\contentsline {subsection}{\numberline {A.2}Summary Statistics
}{9}}
 <./sumstat.png>] [10
\@writefile{toc}{\contentsline {subsection}{\numberline {A.3}Regression Results
, Percent Obesity}{10}}
] (./wmhealth_final_20130508-1.aux (./introduction.aux) (./litreview.aux)
(./dataoverview.aux) (./model.aux) (./results.aux) (./conclusion.aux)
(./varlist.aux) (./sumstat.aux) (./regresults.aux)) ) 
Here is how much of TeX's memory you used:
 9326 strings out of 493488
 146664 string characters out of 3141326
 212658 words of memory out of 3000000
 12391 multiletter control sequences out of 15000+200000
 101236 words of font info for 74 fonts, out of 3000000 for 9000
 957 hyphenation exceptions out of 8191
 38i,12n,43p,1282b,468s stack positions out of 5000i,500n,10000p,200000b,50000s
{/usr/local/texlive/2012/t
exmf-dist/fonts/enc/dvips/lm/lm-ec.enc}{/usr/local/texlive/2012/texmf-dist/font
s/enc/dvips/lm/lm-rm.enc}{/usr/local/texlive/2012/texmf-dist/fonts/enc/dvips/lm
/lm-mathit.enc}</usr/local/texlive/2012/texmf-dist/fonts/type1/public/lm/lmbx12
.pfb></usr/local/texlive/2012/texmf-dist/fonts/type1/public/lm/lmbx9.pfb></usr/
local/texlive/2012/texmf-dist/fonts/type1/public/lm/lmmi8.pfb></usr/local/texli
ve/2012/texmf-dist/fonts/type1/public/lm/lmr10.pfb></usr/local/texlive/2012/tex
mf-dist/fonts/type1/public/lm/lmr12.pfb></usr/local/texlive/2012/texmf-dist/fon
ts/type1/public/lm/lmr17.pfb></usr/local/texlive/2012/texmf-dist/fonts/type1/pu
blic/lm/lmr5.pfb></usr/local/texlive/2012/texmf-dist/fonts/type1/public/lm/lmr6
.pfb></usr/local/texlive/2012/texmf-dist/fonts/type1/public/lm/lmr8.pfb></usr/l
ocal/texlive/2012/texmf-dist/fonts/type1/public/lm/lmr9.pfb></usr/local/texlive
/2012/texmf-dist/fonts/type1/public/lm/lmri12.pfb>
Output written on wmhealth_final_20130508-1.pdf (10 pages, 1439833 bytes).
PDF statistics:
 114 PDF objects out of 1000 (max. 8388607)
 84 compressed objects within 1 object stream
 0 named destinations out of 1000 (max. 500000)
 21 words of extra memory for PDF output out of 10000 (max. 10000000)

