------------------------------------------------------------------------------------
      name:  <unnamed>
       log:  /Users/shawn/src/econ485/lab4/arclab2.log
  log type:  text
 opened on:  11 Mar 2013, 20:28:01

. use "arcdata1";

. /* a. Now, we want to test if additional variables would add to the explanatory 
> value of employment growth in the region. Add the following additional variables
>  to the model from L1 part g: pci90_thousands and pci90. */
> 
>  regress empgrowth_9006 percoll90 perse90 pci90_thousands pci90;
note: pci90_thousands omitted because of collinearity

      Source |       SS       df       MS              Number of obs =     551
-------------+------------------------------           F(  3,   547) =   16.76
       Model |   30.917101     3  10.3057003           Prob > F      =  0.0000
    Residual |   336.41239   547   .61501351           R-squared     =  0.0842
-------------+------------------------------           Adj R-squared =  0.0791
       Total |  367.329491   550  .667871801           Root MSE      =  .78423

---------------------------------------------------------------------------------
 empgrowth_9006 |      Coef.   Std. Err.      t    P>|t|     [95% Conf. Interval]
----------------+----------------------------------------------------------------
      percoll90 |   .0123651    .007772     1.59   0.112    -.0029015    .0276317
        perse90 |   .0500949   .0073594     6.81   0.000     .0356387    .0645511
pci90_thousands |          0  (omitted)
          pci90 |   .0000186   .0000156     1.19   0.233     -.000012    .0000492
          _cons |  -.8912981    .233067    -3.82   0.000    -1.349114   -.4334821
---------------------------------------------------------------------------------

.  /* b. Does the STATA output from part a) include both the new variables? 
> Explain what happened.*/
> 
> /*INTERPRETATION */
> 
> /* c. Now, use the regression command to estimate a linear regression where
>  y=empgrowth_9006 and x includes percoll90, perse90, and the dummy variable arc.*/
>  
>  regress empgrowth_9006 percoll90 perse90 arc;

      Source |       SS       df       MS              Number of obs =     554
-------------+------------------------------           F(  3,   550) =   16.49
       Model |  30.3162271     3   10.105409           Prob > F      =  0.0000
    Residual |  337.147802   550  .612996004           R-squared     =  0.0825
-------------+------------------------------           Adj R-squared =  0.0775
       Total |   367.46403   553  .664491916           Root MSE      =  .78294

------------------------------------------------------------------------------
empgrow~9006 |      Coef.   Std. Err.      t    P>|t|     [95% Conf. Interval]
-------------+----------------------------------------------------------------
   percoll90 |   .0171481   .0062247     2.75   0.006      .004921    .0293752
     perse90 |   .0495403   .0073343     6.75   0.000     .0351336    .0639471
         arc |  -.0441713   .0820664    -0.54   0.591    -.2053732    .1170306
       _cons |  -.6413213   .1629652    -3.94   0.000    -.9614317   -.3212109
------------------------------------------------------------------------------

.  /* d. What is the coefficient on arc? What is the interpretation of this 
> coefficient in our model? (Hint: Look at the t-statistic!) */
> 
> /* INTERPRETATION */
> 
> /* e. Now, use the regression command to estimate a linear regression where
>  y=empgrowth_9006 and x includes percoll90, perse90, and dummy variables for 
>  each of the states in the model (state1,… state13). Exclude the dummy
>  variable for state2 (Georgia) from the model.*/
>  
>  regress empgrowth_9006 percoll90 perse90 state1 state3-state13;

      Source |       SS       df       MS              Number of obs =     554
-------------+------------------------------           F( 14,   539) =    7.87
       Model |  62.3617058    14  4.45440755           Prob > F      =  0.0000
    Residual |  305.102324   539  .566052549           R-squared     =  0.1697
-------------+------------------------------           Adj R-squared =  0.1481
       Total |   367.46403   553  .664491916           Root MSE      =  .75236

------------------------------------------------------------------------------
empgrow~9006 |      Coef.   Std. Err.      t    P>|t|     [95% Conf. Interval]
-------------+----------------------------------------------------------------
   percoll90 |   .0194194   .0062607     3.10   0.002     .0071211    .0317178
     perse90 |   .0504565   .0073927     6.83   0.000     .0359344    .0649785
      state1 |   -.337751    .156141    -2.16   0.031    -.6444705   -.0310316
      state3 |  -.4122454   .1414116    -2.92   0.004    -.6900307   -.1344601
      state4 |  -.3204748    .391161    -0.82   0.413    -1.088862    .4479122
      state5 |  -.2342322   .1698213    -1.38   0.168    -.5678249    .0993604
      state6 |  -.4584991   .1645499    -2.79   0.006    -.7817368   -.1352615
      state7 |   -.696958   .1727595    -4.03   0.000    -1.036322   -.3575936
      state8 |  -.4095359   .1557558    -2.63   0.009    -.7154986   -.1035731
      state9 |  -.5738907   .1446458    -3.97   0.000    -.8580292   -.2897521
     state10 |   -.303029   .2549405    -1.19   0.235    -.8038276    .1977697
     state11 |  -.3601028   .1420734    -2.53   0.012    -.6391883   -.0810173
     state12 |   .2990636   .1622676     1.84   0.066    -.0196908    .6178179
     state13 |  -.5381868   .1482697    -3.63   0.000    -.8294441   -.2469296
       _cons |  -.3670907    .197466    -1.86   0.064     -.754988    .0208067
------------------------------------------------------------------------------

.  /* f. Why did we exclude Georgia from the model in part e? What is 
> the interpretation of the coefficient on state1 (Alabama)?*/
> 
> /* INTERPRETATION */
> 
> /* g. Now, add the following additional variables to the model from part e:
>  popsqmi_60 and rural. */
> 
>   regress empgrowth_9006 percoll90 perse90 state1 state3-state13 popsqmi_60 rural;

      Source |       SS       df       MS              Number of obs =     554
-------------+------------------------------           F( 16,   537) =    6.89
       Model |  62.5846817    16   3.9115426           Prob > F      =  0.0000
    Residual |  304.879348   537  .567745527           R-squared     =  0.1703
-------------+------------------------------           Adj R-squared =  0.1456
       Total |   367.46403   553  .664491916           Root MSE      =  .75349

------------------------------------------------------------------------------
empgrow~9006 |      Coef.   Std. Err.      t    P>|t|     [95% Conf. Interval]
-------------+----------------------------------------------------------------
   percoll90 |   .0195789   .0065059     3.01   0.003     .0067988     .032359
     perse90 |   .0496949   .0077024     6.45   0.000     .0345643    .0648255
      state1 |  -.3446213   .1569492    -2.20   0.029     -.652931   -.0363117
      state3 |  -.3966821   .1444483    -2.75   0.006     -.680435   -.1129291
      state4 |   -.331701   .3922187    -0.85   0.398    -1.102172    .4387699
      state5 |  -.2158291   .1750308    -1.23   0.218    -.5596581    .1279998
      state6 |  -.4553793   .1649681    -2.76   0.006    -.7794412   -.1313174
      state7 |  -.7026335   .1733895    -4.05   0.000    -1.043238   -.3620286
      state8 |  -.4128032   .1567536    -2.63   0.009    -.7207286   -.1048778
      state9 |   -.574764   .1455941    -3.95   0.000    -.8607678   -.2887602
     state10 |  -.3148877   .2561012    -1.23   0.219    -.8179707    .1881953
     state11 |  -.3582187   .1423211    -2.52   0.012     -.637793   -.0786444
     state12 |   .2898573   .1638023     1.77   0.077    -.0319146    .6116291
     state13 |  -.5252413   .1500485    -3.50   0.001    -.8199954   -.2304872
  popsqmi_60 |   -.000048     .00015    -0.32   0.749    -.0003427    .0002467
       rural |   -.045763   .0802845    -0.57   0.569    -.2034732    .1119472
       _cons |  -.3396657   .2030335    -1.67   0.095     -.738503    .0591716
------------------------------------------------------------------------------

.  /* h. Test for multicollinearity in your data by running the vif command.*/
> 
> vif;

    Variable |       VIF       1/VIF  
-------------+----------------------
      state3 |      2.36    0.424391
     state11 |      2.13    0.469872
      state9 |      1.97    0.508064
     state13 |      1.96    0.509022
      state1 |      1.87    0.535845
      state8 |      1.79    0.558854
      state5 |      1.77    0.565196
     state12 |      1.67    0.597847
      state6 |      1.61    0.619771
      state7 |      1.60    0.626321
       rural |      1.35    0.740336
   percoll90 |      1.31    0.761969
  popsqmi_60 |      1.26    0.795968
     perse90 |      1.25    0.801824
     state10 |      1.25    0.802875
      state4 |      1.08    0.929361
-------------+----------------------
    Mean VIF |      1.64

. /* i. Are there any problems with multicollinearity in your model? Explain.*/
> 
> /* INTERPRETATION */
> 
> /* j. Compare the final model in part g to the model in L1, part g in terms of
>  how much they explain the variance in employment growth. Explain.*/
> 
>  /*INTERPRETATION */

end of do-file

. correlate empgrowth_9006 percoll90 perse90 state1 state3-state13 popsqmi_60 rural
(obs=554)

             | emp~9006 perco~90  perse90   state1   state3   state4   state5
-------------+---------------------------------------------------------------
empgrow~9006 |   1.0000
   percoll90 |   0.0785   1.0000
     perse90 |   0.2585  -0.1667   1.0000
      state1 |  -0.0424   0.0055  -0.1638   1.0000
      state3 |  -0.0634  -0.1902  -0.0244  -0.1195   1.0000
      state4 |   0.0052   0.0344  -0.0081  -0.0260  -0.0335   1.0000
      state5 |  -0.0126  -0.0423  -0.1507  -0.0791  -0.1020  -0.0221   1.0000
      state6 |  -0.0160   0.0637   0.0384  -0.0803  -0.1035  -0.0225  -0.0685
      state7 |  -0.0668   0.2771   0.0067  -0.0754  -0.0972  -0.0211  -0.0643
      state8 |  -0.0284  -0.0262  -0.0091  -0.0905  -0.1167  -0.0254  -0.0772
      state9 |  -0.0581   0.0751   0.0953  -0.1051  -0.1356  -0.0294  -0.0897
     state10 |  -0.0310   0.0361  -0.1523  -0.0433  -0.0559  -0.0121  -0.0370
     state11 |  -0.0048  -0.1238   0.0597  -0.1139  -0.1469  -0.0319  -0.0971
     state12 |   0.2256   0.0314   0.0196  -0.0826  -0.1066  -0.0231  -0.0705
     state13 |  -0.0656  -0.0809   0.0786  -0.1011  -0.1304  -0.0283  -0.0862
  popsqmi_60 |  -0.0507   0.3227  -0.2656  -0.0575  -0.0742   0.0076  -0.0780
       rural |  -0.0794  -0.2025  -0.0268  -0.0794   0.2735  -0.0575   0.2573

             |   state6   state7   state8   state9  state10  state11  state12
-------------+---------------------------------------------------------------
      state6 |   1.0000
      state7 |  -0.0653   1.0000
      state8 |  -0.0784  -0.0736   1.0000
      state9 |  -0.0910  -0.0855  -0.1027   1.0000
     state10 |  -0.0375  -0.0352  -0.0423  -0.0491   1.0000
     state11 |  -0.0986  -0.0926  -0.1112  -0.1291  -0.0532   1.0000
     state12 |  -0.0715  -0.0672  -0.0807  -0.0937  -0.0386  -0.1015   1.0000
     state13 |  -0.0875  -0.0822  -0.0987  -0.1146  -0.0473  -0.1242  -0.0901
  popsqmi_60 |  -0.0203   0.0846   0.0835   0.1109  -0.0057  -0.0509   0.0518
       rural |   0.0120  -0.1334  -0.1291  -0.1316  -0.0680  -0.0028  -0.1829

             |  state13 popsq~60    rural
-------------+---------------------------
     state13 |   1.0000
  popsqmi_60 |  -0.0200   1.0000
       rural |   0.1540  -0.1821   1.0000


. do "/var/folders/8r/6p_8585x5435jsc5wc_xdv5w0000gn/T//SD66697.000000"

. /*      A. Shawn Bandy
>         Lab #4  - L1
> */
. /* close previous run do-files */
. cap log close
