-----------------------------------------------------------------------------------
      name:  <unnamed>
       log:  C:\Users\cla-spa206.CAMPUS-DOMAIN\Downloads\lab2\lab2\lab1problemset.l
> og
  log type:  text
 opened on:  12 Feb 2013, 10:57:40

. /*b. Imports the file “Appalachian Dataset 1.csv” and includes the variable names
> . 
> //   This data set includes information on counties in thirteen eastern U.S. stat
> es that follow 
> //   the Appalachian Mountains, including counties within the federally-designate
> d 
> //   Appalachian Regional Commission region and those that surround them.
> */
> insheet using "Appalachian Dataset 1.csv", names;
(8 vars, 555 obs)

. //c. Renames the variable emp06 as total_emp06. Note all data variables are from 
> 1990 except for emp06.
> rename emp06 total_emp06;

. /*d. Changes the labels on the key variables as follows:
> Variable Name
> New Label
> manu_emp
> Manufacturing Employment 1990
> total_emp
> Total Employment 1990
> total_emp06
> Total Employment 2006
> */
> label variable manu_emp "Manufacturing Employment 1990";

. label variable total_emp "Total Employment 1990";

. label variable total_emp06 "Total Employment 2006";

. //e. Creates a new variable pct_manuemp90 which is manu_emp/total_emp*100
> generate pct_manuemp90 = manu_emp/total_emp*100;

. //f. Creates a new variable which shows the growth rate in total employment betwe
> en 1990 and 2006, pct_empgrowth9006
> generate pct_empgrowth9006 = (total_emp06 - total_emp) / total_emp * 100;

. //g. Saves the data as appalachianupdated.dta and summarizes the data.
> save appalachianupdated, replace;
file appalachianupdated.dta saved

. /*h. Uses STATA commands to manually calculate the t-statistic to test whether th
> e mean of pct_manuemp90 is different from 20. 
> Also calculate the p-value.
> */
> 
> sum pct_manuemp90;

    Variable |       Obs        Mean    Std. Dev.       Min        Max
-------------+--------------------------------------------------------
pct_manue~90 |       555    21.16078    11.00066   .7445443   53.52263

. scalar tstat = (r(mean) - 20)/(r(sd) / sqrt(r(N)));

. scalar list;
     tstat =  2.4858751

. //i. Uses the STATA command ttest to test whether the mean of pct_manuemp90 is di
> fferent from 20.
> 
> ttest pct_manuemp90 = 20;

One-sample t test
------------------------------------------------------------------------------
Variable |     Obs        Mean    Std. Err.   Std. Dev.   [95% Conf. Interval]
---------+--------------------------------------------------------------------
pct_m~90 |     555    21.16078    .4669518    11.00066    20.24357      22.078
------------------------------------------------------------------------------
    mean = mean(pct_manuemp90)                                    t =   2.4859
Ho: mean = 20                                    degrees of freedom =      554

    Ha: mean < 20               Ha: mean != 20                 Ha: mean > 20
 Pr(T < t) = 0.9934         Pr(|T| > |t|) = 0.0132          Pr(T > t) = 0.0066

. /*j. Uses the STATA command ttest to test whether the mean of total employment in
>  1990 is statistically 
> different from total employment in 2006. Make sure you account for differences in
>  variances as shown in lab.
> */
> 
> ttest total_emp= total_emp06, unpaired unequal;

Two-sample t test with unequal variances
------------------------------------------------------------------------------
Variable |     Obs        Mean    Std. Err.   Std. Dev.   [95% Conf. Interval]
---------+--------------------------------------------------------------------
total_~p |     555    34486.84    3205.713     75521.6       28190    40783.68
total~06 |     555    42619.79    3788.532     89251.9    35178.14    50061.43
---------+--------------------------------------------------------------------
combined |    1110    38553.32    2483.295    82735.09    33680.83     43425.8
---------+--------------------------------------------------------------------
    diff |           -8132.944    4962.819               -17870.82    1604.931
------------------------------------------------------------------------------
    diff = mean(total_emp) - mean(total_emp06)                    t =  -1.6388
Ho: diff = 0                     Satterthwaite's degrees of freedom =  1078.46

    Ha: diff < 0                 Ha: diff != 0                 Ha: diff > 0
 Pr(T < t) = 0.0508         Pr(|T| > |t|) = 0.1016          Pr(T > t) = 0.9492

. //k. Calculates the correlation coefficient between pct_manuemp90 and pct_empgrow
> th9006 using correlate.
> correlate pct_manuemp90 pct_empgrowth9006;
(obs=555)

             | pct_m~90 pct~9006
-------------+------------------
pct_manue~90 |   1.0000
pct_emp~9006 |  -0.1256   1.0000


. /*l. Creates a two-way scatterplot between pct_manuemp90 and pct_empgrowth9006 an
> d include a fitted line. 
>    Export the graph as manuempfitted.emf.
> */
> twoway (lfit pct_manuemp90 pct_empgrowth9006)(scatter pct_manuemp90 pct_empgrowth
> 9006);

. graph export manuempfitted.png, replace;
(file manuempfitted.png written in PNG format)

. //m. Calculates the covariance between pct_manuemp90 and pct_empgrowth9006 using 
> correlate with the option covariance.
> correlate pct_manuemp90 pct_empgrowth9006, covariance;
(obs=555)

             | pct_m~90 pct~9006
-------------+------------------
pct_manue~90 |  121.014
pct_emp~9006 | -112.571  6634.08


. log close;
      name:  <unnamed>
       log:  C:\Users\cla-spa206.CAMPUS-DOMAIN\Downloads\lab2\lab2\lab1problemset.l
> og
  log type:  text
 closed on:  12 Feb 2013, 10:57:41
-----------------------------------------------------------------------------------
