-------------------------------------------------------------------------------------------------------------------------
      name:  <unnamed>
       log:  C:\Users\cla-spa206.CAMPUS-DOMAIN\Downloads\econ485-master\econ485-master\lab2\pciformatting.log
  log type:  text
 opened on:   7 Feb 2013, 11:24:16

. /*b. Imports the file “per capita income 1969 to 2008.csv” and includes the variable names. This data set 
includes information on per capita income for each U.S. county from 1969 to 2008 from the Bureau of Economic 
Analysis (BEA). */
> cd "C:\Users\cla-spa206.CAMPUS-DOMAIN\Downloads\econ485-master\econ485-master\lab2";
C:\Users\cla-spa206.CAMPUS-DOMAIN\Downloads\econ485-master\econ485-master\lab2

. insheet using "per capita income 1969 to 2008.csv", names;
(43 vars, 3140 obs)

. /*c. Renames the variables for the per capita income data for each of the years that have been given names 
v1, v2, etc. as pci1969, pci1970, etc. Use the local and foreach v commands as shown in lab. */
> local i = 1969;

. foreach v of varlist v*{;
  2.         rename `v' farmse`i';
  3.         local i = `i'+1;
  4. };

. /*d. Saves the data as “pci 1969 to 2008.dta.”*/
> save "pci 1969 to 2008", replace;
file pci 1969 to 2008.dta saved

. log close;
      name:  <unnamed>
       log:  C:\Users\cla-spa206.CAMPUS-DOMAIN\Downloads\econ485-master\econ485-master\lab2\pciformatting.log
  log type:  text
 closed on:   7 Feb 2013, 11:24:16
-------------------------------------------------------------------------------------------------------------------------
